<?xml version="1.0" encoding="UTF-8"?>
<testng-results ignored="0" total="1" passed="1" failed="0" skipped="0">
  <reporter-output>
  </reporter-output>
  <suite started-at="2024-12-07T14:26:37 IST" name="Default suite" finished-at="2024-12-07T14:26:48 IST" duration-ms="10601">
    <groups>
    </groups>
    <test started-at="2024-12-07T14:26:37 IST" name="Default test" finished-at="2024-12-07T14:26:48 IST" duration-ms="10601">
      <class name="Run3.Runner1">
        <test-method is-config="true" signature="openApp()[pri:0, instance:Run3.Runner1@3e11f9e9]" started-at="2024-12-07T14:26:37 IST" name="openApp" finished-at="2024-12-07T14:26:42 IST" duration-ms="4342" status="PASS">
          <reporter-output>
          </reporter-output>
        </test-method> <!-- openApp -->
        <test-method is-config="true" signature="login()[pri:0, instance:Run3.Runner1@3e11f9e9]" started-at="2024-12-07T14:26:42 IST" name="login" finished-at="2024-12-07T14:26:43 IST" duration-ms="953" status="PASS">
          <reporter-output>
          </reporter-output>
        </test-method> <!-- login -->
        <test-method signature="test()[pri:0, instance:Run3.Runner1@3e11f9e9]" started-at="2024-12-07T14:26:43 IST" name="test" finished-at="2024-12-07T14:26:45 IST" duration-ms="2240" status="PASS">
          <reporter-output>
          </reporter-output>
        </test-method> <!-- test -->
        <test-method is-config="true" signature="Screenshot()[pri:0, instance:Run3.Runner1@3e11f9e9]" started-at="2024-12-07T14:26:45 IST" name="Screenshot" finished-at="2024-12-07T14:26:48 IST" duration-ms="2580" status="PASS">
          <reporter-output>
          </reporter-output>
        </test-method> <!-- Screenshot -->
        <test-method is-config="true" signature="close()[pri:0, instance:Run3.Runner1@3e11f9e9]" started-at="2024-12-07T14:26:48 IST" name="close" finished-at="2024-12-07T14:26:48 IST" duration-ms="398" status="PASS">
          <reporter-output>
          </reporter-output>
        </test-method> <!-- close -->
      </class> <!-- Run3.Runner1 -->
    </test> <!-- Default test -->
  </suite> <!-- Default suite -->
</testng-results>
